<?xml version="1.0" encoding="utf-8"?><testsuites name="pytest tests"><testsuite name="pytest" errors="0" failures="0" skipped="0" tests="12" time="3.363" timestamp="2026-06-22T08:24:23.328445+00:00" hostname="agent-env-95898388-8d62-4be0-b272-e9d8241f1eb3"><testcase classname="backend.tests.test_dokuman_api" name="test_health" time="0.243" /><testcase classname="backend.tests.test_dokuman_api" name="test_login_bad_password" time="0.320" /><testcase classname="backend.tests.test_dokuman_api" name="test_login_success" time="0.349" /><testcase classname="backend.tests.test_dokuman_api" name="test_auth_me" time="0.155" /><testcase classname="backend.tests.test_dokuman_api" name="test_auth_me_unauth" time="0.143" /><testcase classname="backend.tests.test_dokuman_api" name="test_list_sections" time="0.298" /><testcase classname="backend.tests.test_dokuman_api" name="test_list_documents" time="0.106" /><testcase classname="backend.tests.test_dokuman_api" name="test_get_document_giris" time="0.097" /><testcase classname="backend.tests.test_dokuman_api" name="test_get_document_404" time="0.139" /><testcase classname="backend.tests.test_dokuman_api" name="test_search_docker" time="0.097" /><testcase classname="backend.tests.test_dokuman_api" name="test_protected_create_section_unauth" time="0.149" /><testcase classname="backend.tests.test_dokuman_api" name="test_section_doc_crud" time="1.056" /></testsuite></testsuites>